{"@timestamp":"2022-05-17T06:52:28.807Z","@version":"1","level":"INFO","message":"Starting SkillManagementApplicationTests using Java 14.0.1 on WIN-JDMAV39G97F with PID 18668 (started by 000TOC744 in C:\\workspace\\certification-manager-parent\\skill-manager)","logger_name":"com.ibm.mvs.skill.SkillManagementApplicationTests","thread_name":"main"}
{"@timestamp":"2022-05-17T06:52:28.812Z","@version":"1","level":"INFO","message":"No active profile set, falling back to 1 default profile: \"default\"","logger_name":"com.ibm.mvs.skill.SkillManagementApplicationTests","thread_name":"main"}
{"@timestamp":"2022-05-17T06:52:30.877Z","@version":"1","level":"INFO","message":"Exposing 1 endpoint(s) beneath base path '/actuator'","logger_name":"org.springframework.boot.actuate.endpoint.web.EndpointLinksResolver","thread_name":"main"}
{"@timestamp":"2022-05-17T06:52:30.935Z","@version":"1","level":"INFO","message":"Started SkillManagementApplicationTests in 2.831 seconds (JVM running for 3.754)","logger_name":"com.ibm.mvs.skill.SkillManagementApplicationTests","thread_name":"main"}
{"@timestamp":"2022-05-17T06:53:47.088Z","@version":"1","level":"INFO","message":"Starting SkillManagementApplication using Java 14.0.1 on WIN-JDMAV39G97F with PID 10276 (C:\\workspace\\certification-manager-parent\\skill-manager\\target\\classes started by 000TOC744 in C:\\workspace\\certification-manager-parent\\skill-manager)","logger_name":"com.ibm.mvs.skill.SkillManagementApplication","thread_name":"restartedMain"}
{"@timestamp":"2022-05-17T06:53:47.091Z","@version":"1","level":"INFO","message":"No active profile set, falling back to 1 default profile: \"default\"","logger_name":"com.ibm.mvs.skill.SkillManagementApplication","thread_name":"restartedMain"}
{"@timestamp":"2022-05-17T06:53:47.127Z","@version":"1","level":"INFO","message":"Devtools property defaults active! Set 'spring.devtools.add-properties' to 'false' to disable","logger_name":"org.springframework.boot.devtools.env.DevToolsPropertyDefaultsPostProcessor","thread_name":"restartedMain"}
{"@timestamp":"2022-05-17T06:53:47.127Z","@version":"1","level":"INFO","message":"For additional web related logging consider setting the 'logging.level.web' property to 'DEBUG'","logger_name":"org.springframework.boot.devtools.env.DevToolsPropertyDefaultsPostProcessor","thread_name":"restartedMain"}
{"@timestamp":"2022-05-17T06:53:48.025Z","@version":"1","level":"INFO","message":"Tomcat initialized with port(s): 8094 (http)","logger_name":"org.springframework.boot.web.embedded.tomcat.TomcatWebServer","thread_name":"restartedMain"}
{"@timestamp":"2022-05-17T06:53:48.034Z","@version":"1","level":"INFO","message":"Starting service [Tomcat]","logger_name":"org.apache.catalina.core.StandardService","thread_name":"restartedMain"}
{"@timestamp":"2022-05-17T06:53:48.035Z","@version":"1","level":"INFO","message":"Starting Servlet engine: [Apache Tomcat/9.0.62]","logger_name":"org.apache.catalina.core.StandardEngine","thread_name":"restartedMain"}
{"@timestamp":"2022-05-17T06:53:48.092Z","@version":"1","level":"INFO","message":"Initializing Spring embedded WebApplicationContext","logger_name":"org.apache.catalina.core.ContainerBase.[Tomcat].[localhost].[/]","thread_name":"restartedMain"}
{"@timestamp":"2022-05-17T06:53:48.092Z","@version":"1","level":"INFO","message":"Root WebApplicationContext: initialization completed in 964 ms","logger_name":"org.springframework.boot.web.servlet.context.ServletWebServerApplicationContext","thread_name":"restartedMain"}
{"@timestamp":"2022-05-17T06:53:48.490Z","@version":"1","level":"WARN","message":"Unable to start LiveReload server","logger_name":"org.springframework.boot.devtools.autoconfigure.OptionalLiveReloadServer","thread_name":"restartedMain"}
{"@timestamp":"2022-05-17T06:53:48.495Z","@version":"1","level":"INFO","message":"Exposing 1 endpoint(s) beneath base path '/actuator'","logger_name":"org.springframework.boot.actuate.endpoint.web.EndpointLinksResolver","thread_name":"restartedMain"}
{"@timestamp":"2022-05-17T06:53:48.532Z","@version":"1","level":"INFO","message":"Tomcat started on port(s): 8094 (http) with context path ''","logger_name":"org.springframework.boot.web.embedded.tomcat.TomcatWebServer","thread_name":"restartedMain"}
{"@timestamp":"2022-05-17T06:53:48.543Z","@version":"1","level":"INFO","message":"Started SkillManagementApplication in 1.998 seconds (JVM running for 2.46)","logger_name":"com.ibm.mvs.skill.SkillManagementApplication","thread_name":"restartedMain"}
{"@timestamp":"2022-05-17T06:54:44.274Z","@version":"1","level":"INFO","message":"Initializing Spring DispatcherServlet 'dispatcherServlet'","logger_name":"org.apache.catalina.core.ContainerBase.[Tomcat].[localhost].[/]","thread_name":"RMI TCP Connection(3)-127.0.0.1"}
{"@timestamp":"2022-05-17T06:54:44.276Z","@version":"1","level":"INFO","message":"Initializing Servlet 'dispatcherServlet'","logger_name":"org.springframework.web.servlet.DispatcherServlet","thread_name":"RMI TCP Connection(3)-127.0.0.1"}
{"@timestamp":"2022-05-17T06:54:44.281Z","@version":"1","level":"INFO","message":"Completed initialization in 3 ms","logger_name":"org.springframework.web.servlet.DispatcherServlet","thread_name":"RMI TCP Connection(3)-127.0.0.1"}
