{"@timestamp":"2022-05-17T05:10:56.538Z","@version":"1","level":"INFO","message":"Starting CertificationManagerApplicationTests using Java 14.0.1 on WIN-JDMAV39G97F with PID 19924 (started by 000TOC744 in C:\\workspace\\certification-manager-parent\\certification-manager)","logger_name":"com.ibm.mvs.cm.CertificationManagerApplicationTests","thread_name":"main"}
{"@timestamp":"2022-05-17T05:10:56.544Z","@version":"1","level":"INFO","message":"No active profile set, falling back to 1 default profile: \"default\"","logger_name":"com.ibm.mvs.cm.CertificationManagerApplicationTests","thread_name":"main"}
{"@timestamp":"2022-05-17T05:10:58.914Z","@version":"1","level":"INFO","message":"Exposing 1 endpoint(s) beneath base path '/actuator'","logger_name":"org.springframework.boot.actuate.endpoint.web.EndpointLinksResolver","thread_name":"main"}
{"@timestamp":"2022-05-17T05:10:58.974Z","@version":"1","level":"INFO","message":"Started CertificationManagerApplicationTests in 2.987 seconds (JVM running for 3.814)","logger_name":"com.ibm.mvs.cm.CertificationManagerApplicationTests","thread_name":"main"}
{"@timestamp":"2022-05-17T05:40:56.178Z","@version":"1","level":"INFO","message":"Starting CertificationManagerApplicationTests using Java 14.0.1 on WIN-JDMAV39G97F with PID 27148 (started by 000TOC744 in C:\\workspace\\certification-manager-parent\\certification-manager)","logger_name":"com.ibm.mvs.cm.CertificationManagerApplicationTests","thread_name":"main"}
{"@timestamp":"2022-05-17T05:40:56.183Z","@version":"1","level":"INFO","message":"No active profile set, falling back to 1 default profile: \"default\"","logger_name":"com.ibm.mvs.cm.CertificationManagerApplicationTests","thread_name":"main"}
{"@timestamp":"2022-05-17T05:40:58.202Z","@version":"1","level":"INFO","message":"Exposing 1 endpoint(s) beneath base path '/actuator'","logger_name":"org.springframework.boot.actuate.endpoint.web.EndpointLinksResolver","thread_name":"main"}
{"@timestamp":"2022-05-17T05:40:58.253Z","@version":"1","level":"INFO","message":"Started CertificationManagerApplicationTests in 2.634 seconds (JVM running for 3.453)","logger_name":"com.ibm.mvs.cm.CertificationManagerApplicationTests","thread_name":"main"}
{"@timestamp":"2022-05-17T05:44:16.388Z","@version":"1","level":"INFO","message":"Starting CertificationManagerApplicationTests using Java 14.0.1 on WIN-JDMAV39G97F with PID 1824 (started by 000TOC744 in C:\\workspace\\certification-manager-parent\\certification-manager)","logger_name":"com.ibm.mvs.cm.CertificationManagerApplicationTests","thread_name":"main"}
{"@timestamp":"2022-05-17T05:44:16.392Z","@version":"1","level":"INFO","message":"No active profile set, falling back to 1 default profile: \"default\"","logger_name":"com.ibm.mvs.cm.CertificationManagerApplicationTests","thread_name":"main"}
{"@timestamp":"2022-05-17T05:44:18.358Z","@version":"1","level":"INFO","message":"Exposing 1 endpoint(s) beneath base path '/actuator'","logger_name":"org.springframework.boot.actuate.endpoint.web.EndpointLinksResolver","thread_name":"main"}
{"@timestamp":"2022-05-17T05:44:18.410Z","@version":"1","level":"INFO","message":"Started CertificationManagerApplicationTests in 2.617 seconds (JVM running for 3.414)","logger_name":"com.ibm.mvs.cm.CertificationManagerApplicationTests","thread_name":"main"}
{"@timestamp":"2022-05-17T05:50:05.851Z","@version":"1","level":"INFO","message":"Starting CertificationManagerApplicationTests using Java 14.0.1 on WIN-JDMAV39G97F with PID 4004 (started by 000TOC744 in C:\\workspace\\certification-manager-parent\\certification-manager)","logger_name":"com.ibm.mvs.cm.CertificationManagerApplicationTests","thread_name":"main"}
{"@timestamp":"2022-05-17T05:50:05.855Z","@version":"1","level":"INFO","message":"No active profile set, falling back to 1 default profile: \"default\"","logger_name":"com.ibm.mvs.cm.CertificationManagerApplicationTests","thread_name":"main"}
{"@timestamp":"2022-05-17T05:50:07.671Z","@version":"1","level":"INFO","message":"Exposing 1 endpoint(s) beneath base path '/actuator'","logger_name":"org.springframework.boot.actuate.endpoint.web.EndpointLinksResolver","thread_name":"main"}
{"@timestamp":"2022-05-17T05:50:07.732Z","@version":"1","level":"INFO","message":"Started CertificationManagerApplicationTests in 2.422 seconds (JVM running for 3.183)","logger_name":"com.ibm.mvs.cm.CertificationManagerApplicationTests","thread_name":"main"}
{"@timestamp":"2022-05-17T06:13:56.505Z","@version":"1","level":"INFO","message":"Starting CertificationManagerApplicationTests using Java 14.0.1 on WIN-JDMAV39G97F with PID 20160 (started by 000TOC744 in C:\\workspace\\certification-manager-parent\\certification-manager)","logger_name":"com.ibm.mvs.cm.CertificationManagerApplicationTests","thread_name":"main"}
{"@timestamp":"2022-05-17T06:13:56.510Z","@version":"1","level":"INFO","message":"No active profile set, falling back to 1 default profile: \"default\"","logger_name":"com.ibm.mvs.cm.CertificationManagerApplicationTests","thread_name":"main"}
{"@timestamp":"2022-05-17T06:13:58.246Z","@version":"1","level":"INFO","message":"Exposing 1 endpoint(s) beneath base path '/actuator'","logger_name":"org.springframework.boot.actuate.endpoint.web.EndpointLinksResolver","thread_name":"main"}
{"@timestamp":"2022-05-17T06:13:58.299Z","@version":"1","level":"INFO","message":"Started CertificationManagerApplicationTests in 2.318 seconds (JVM running for 3.169)","logger_name":"com.ibm.mvs.cm.CertificationManagerApplicationTests","thread_name":"main"}
{"@timestamp":"2022-05-17T06:51:56.335Z","@version":"1","level":"INFO","message":"Starting CertificationManagerApplicationTests using Java 14.0.1 on WIN-JDMAV39G97F with PID 19900 (started by 000TOC744 in C:\\workspace\\certification-manager-parent\\certification-manager)","logger_name":"com.ibm.mvs.cm.CertificationManagerApplicationTests","thread_name":"main"}
{"@timestamp":"2022-05-17T06:51:56.343Z","@version":"1","level":"INFO","message":"No active profile set, falling back to 1 default profile: \"default\"","logger_name":"com.ibm.mvs.cm.CertificationManagerApplicationTests","thread_name":"main"}
{"@timestamp":"2022-05-17T06:51:58.426Z","@version":"1","level":"INFO","message":"Exposing 1 endpoint(s) beneath base path '/actuator'","logger_name":"org.springframework.boot.actuate.endpoint.web.EndpointLinksResolver","thread_name":"main"}
{"@timestamp":"2022-05-17T06:51:58.476Z","@version":"1","level":"INFO","message":"Started CertificationManagerApplicationTests in 2.801 seconds (JVM running for 3.87)","logger_name":"com.ibm.mvs.cm.CertificationManagerApplicationTests","thread_name":"main"}
{"@timestamp":"2022-05-17T06:52:56.719Z","@version":"1","level":"INFO","message":"Starting CertificationManagerApplication using Java 14.0.1 on WIN-JDMAV39G97F with PID 30104 (C:\\workspace\\certification-manager-parent\\certification-manager\\target\\classes started by 000TOC744 in C:\\workspace\\certification-manager-parent\\certification-manager)","logger_name":"com.ibm.mvs.cm.CertificationManagerApplication","thread_name":"restartedMain"}
{"@timestamp":"2022-05-17T06:52:56.722Z","@version":"1","level":"INFO","message":"No active profile set, falling back to 1 default profile: \"default\"","logger_name":"com.ibm.mvs.cm.CertificationManagerApplication","thread_name":"restartedMain"}
{"@timestamp":"2022-05-17T06:52:56.763Z","@version":"1","level":"INFO","message":"Devtools property defaults active! Set 'spring.devtools.add-properties' to 'false' to disable","logger_name":"org.springframework.boot.devtools.env.DevToolsPropertyDefaultsPostProcessor","thread_name":"restartedMain"}
{"@timestamp":"2022-05-17T06:52:56.763Z","@version":"1","level":"INFO","message":"For additional web related logging consider setting the 'logging.level.web' property to 'DEBUG'","logger_name":"org.springframework.boot.devtools.env.DevToolsPropertyDefaultsPostProcessor","thread_name":"restartedMain"}
{"@timestamp":"2022-05-17T06:52:57.667Z","@version":"1","level":"INFO","message":"Tomcat initialized with port(s): 8092 (http)","logger_name":"org.springframework.boot.web.embedded.tomcat.TomcatWebServer","thread_name":"restartedMain"}
{"@timestamp":"2022-05-17T06:52:57.680Z","@version":"1","level":"INFO","message":"Starting service [Tomcat]","logger_name":"org.apache.catalina.core.StandardService","thread_name":"restartedMain"}
{"@timestamp":"2022-05-17T06:52:57.680Z","@version":"1","level":"INFO","message":"Starting Servlet engine: [Apache Tomcat/9.0.62]","logger_name":"org.apache.catalina.core.StandardEngine","thread_name":"restartedMain"}
{"@timestamp":"2022-05-17T06:52:57.737Z","@version":"1","level":"INFO","message":"Initializing Spring embedded WebApplicationContext","logger_name":"org.apache.catalina.core.ContainerBase.[Tomcat].[localhost].[/]","thread_name":"restartedMain"}
{"@timestamp":"2022-05-17T06:52:57.737Z","@version":"1","level":"INFO","message":"Root WebApplicationContext: initialization completed in 973 ms","logger_name":"org.springframework.boot.web.servlet.context.ServletWebServerApplicationContext","thread_name":"restartedMain"}
{"@timestamp":"2022-05-17T06:52:58.172Z","@version":"1","level":"INFO","message":"LiveReload server is running on port 35729","logger_name":"org.springframework.boot.devtools.autoconfigure.OptionalLiveReloadServer","thread_name":"restartedMain"}
{"@timestamp":"2022-05-17T06:52:58.177Z","@version":"1","level":"INFO","message":"Exposing 1 endpoint(s) beneath base path '/actuator'","logger_name":"org.springframework.boot.actuate.endpoint.web.EndpointLinksResolver","thread_name":"restartedMain"}
{"@timestamp":"2022-05-17T06:52:58.229Z","@version":"1","level":"INFO","message":"Tomcat started on port(s): 8092 (http) with context path ''","logger_name":"org.springframework.boot.web.embedded.tomcat.TomcatWebServer","thread_name":"restartedMain"}
{"@timestamp":"2022-05-17T06:52:58.243Z","@version":"1","level":"INFO","message":"Started CertificationManagerApplication in 2.16 seconds (JVM running for 2.755)","logger_name":"com.ibm.mvs.cm.CertificationManagerApplication","thread_name":"restartedMain"}
{"@timestamp":"2022-05-17T06:54:44.274Z","@version":"1","level":"INFO","message":"Initializing Spring DispatcherServlet 'dispatcherServlet'","logger_name":"org.apache.catalina.core.ContainerBase.[Tomcat].[localhost].[/]","thread_name":"RMI TCP Connection(5)-127.0.0.1"}
{"@timestamp":"2022-05-17T06:54:44.276Z","@version":"1","level":"INFO","message":"Initializing Servlet 'dispatcherServlet'","logger_name":"org.springframework.web.servlet.DispatcherServlet","thread_name":"RMI TCP Connection(5)-127.0.0.1"}
{"@timestamp":"2022-05-17T06:54:44.279Z","@version":"1","level":"INFO","message":"Completed initialization in 2 ms","logger_name":"org.springframework.web.servlet.DispatcherServlet","thread_name":"RMI TCP Connection(5)-127.0.0.1"}
