{"@timestamp":"2022-05-17T06:14:12.942Z","@version":"1","level":"INFO","message":"Starting profileManagerApplicationTests using Java 14.0.1 on WIN-JDMAV39G97F with PID 5536 (started by 000TOC744 in C:\\workspace\\certification-manager-parent\\profile-manager)","logger_name":"com.ibm.mvs.profile.profileManagerApplicationTests","thread_name":"main"}
{"@timestamp":"2022-05-17T06:14:12.946Z","@version":"1","level":"INFO","message":"No active profile set, falling back to 1 default profile: \"default\"","logger_name":"com.ibm.mvs.profile.profileManagerApplicationTests","thread_name":"main"}
{"@timestamp":"2022-05-17T06:14:15.021Z","@version":"1","level":"INFO","message":"Exposing 1 endpoint(s) beneath base path '/actuator'","logger_name":"org.springframework.boot.actuate.endpoint.web.EndpointLinksResolver","thread_name":"main"}
{"@timestamp":"2022-05-17T06:14:15.110Z","@version":"1","level":"INFO","message":"Started profileManagerApplicationTests in 2.763 seconds (JVM running for 3.501)","logger_name":"com.ibm.mvs.profile.profileManagerApplicationTests","thread_name":"main"}
{"@timestamp":"2022-05-17T06:52:21.196Z","@version":"1","level":"INFO","message":"Starting ProfileManagementApplicationTests using Java 14.0.1 on WIN-JDMAV39G97F with PID 14244 (started by 000TOC744 in C:\\workspace\\certification-manager-parent\\profile-manager)","logger_name":"com.ibm.mvs.profile.ProfileManagementApplicationTests","thread_name":"main"}
{"@timestamp":"2022-05-17T06:52:21.202Z","@version":"1","level":"INFO","message":"No active profile set, falling back to 1 default profile: \"default\"","logger_name":"com.ibm.mvs.profile.ProfileManagementApplicationTests","thread_name":"main"}
{"@timestamp":"2022-05-17T06:52:23.293Z","@version":"1","level":"INFO","message":"Exposing 1 endpoint(s) beneath base path '/actuator'","logger_name":"org.springframework.boot.actuate.endpoint.web.EndpointLinksResolver","thread_name":"main"}
{"@timestamp":"2022-05-17T06:52:23.347Z","@version":"1","level":"INFO","message":"Started ProfileManagementApplicationTests in 2.858 seconds (JVM running for 3.887)","logger_name":"com.ibm.mvs.profile.ProfileManagementApplicationTests","thread_name":"main"}
{"@timestamp":"2022-05-17T06:53:30.518Z","@version":"1","level":"INFO","message":"Starting ProfileManagementApplication using Java 14.0.1 on WIN-JDMAV39G97F with PID 11232 (C:\\workspace\\certification-manager-parent\\profile-manager\\target\\classes started by 000TOC744 in C:\\workspace\\certification-manager-parent\\profile-manager)","logger_name":"com.ibm.mvs.profile.ProfileManagementApplication","thread_name":"restartedMain"}
{"@timestamp":"2022-05-17T06:53:30.523Z","@version":"1","level":"INFO","message":"No active profile set, falling back to 1 default profile: \"default\"","logger_name":"com.ibm.mvs.profile.ProfileManagementApplication","thread_name":"restartedMain"}
{"@timestamp":"2022-05-17T06:53:30.561Z","@version":"1","level":"INFO","message":"Devtools property defaults active! Set 'spring.devtools.add-properties' to 'false' to disable","logger_name":"org.springframework.boot.devtools.env.DevToolsPropertyDefaultsPostProcessor","thread_name":"restartedMain"}
{"@timestamp":"2022-05-17T06:53:30.561Z","@version":"1","level":"INFO","message":"For additional web related logging consider setting the 'logging.level.web' property to 'DEBUG'","logger_name":"org.springframework.boot.devtools.env.DevToolsPropertyDefaultsPostProcessor","thread_name":"restartedMain"}
{"@timestamp":"2022-05-17T06:53:31.501Z","@version":"1","level":"INFO","message":"Tomcat initialized with port(s): 8093 (http)","logger_name":"org.springframework.boot.web.embedded.tomcat.TomcatWebServer","thread_name":"restartedMain"}
{"@timestamp":"2022-05-17T06:53:31.511Z","@version":"1","level":"INFO","message":"Starting service [Tomcat]","logger_name":"org.apache.catalina.core.StandardService","thread_name":"restartedMain"}
{"@timestamp":"2022-05-17T06:53:31.511Z","@version":"1","level":"INFO","message":"Starting Servlet engine: [Apache Tomcat/9.0.62]","logger_name":"org.apache.catalina.core.StandardEngine","thread_name":"restartedMain"}
{"@timestamp":"2022-05-17T06:53:31.588Z","@version":"1","level":"INFO","message":"Initializing Spring embedded WebApplicationContext","logger_name":"org.apache.catalina.core.ContainerBase.[Tomcat].[localhost].[/]","thread_name":"restartedMain"}
{"@timestamp":"2022-05-17T06:53:31.589Z","@version":"1","level":"INFO","message":"Root WebApplicationContext: initialization completed in 1027 ms","logger_name":"org.springframework.boot.web.servlet.context.ServletWebServerApplicationContext","thread_name":"restartedMain"}
{"@timestamp":"2022-05-17T06:53:32.098Z","@version":"1","level":"WARN","message":"Unable to start LiveReload server","logger_name":"org.springframework.boot.devtools.autoconfigure.OptionalLiveReloadServer","thread_name":"restartedMain"}
{"@timestamp":"2022-05-17T06:53:32.103Z","@version":"1","level":"INFO","message":"Exposing 1 endpoint(s) beneath base path '/actuator'","logger_name":"org.springframework.boot.actuate.endpoint.web.EndpointLinksResolver","thread_name":"restartedMain"}
{"@timestamp":"2022-05-17T06:53:32.145Z","@version":"1","level":"INFO","message":"Tomcat started on port(s): 8093 (http) with context path ''","logger_name":"org.springframework.boot.web.embedded.tomcat.TomcatWebServer","thread_name":"restartedMain"}
{"@timestamp":"2022-05-17T06:53:32.156Z","@version":"1","level":"INFO","message":"Started ProfileManagementApplication in 2.185 seconds (JVM running for 2.71)","logger_name":"com.ibm.mvs.profile.ProfileManagementApplication","thread_name":"restartedMain"}
{"@timestamp":"2022-05-17T06:54:44.273Z","@version":"1","level":"INFO","message":"Initializing Spring DispatcherServlet 'dispatcherServlet'","logger_name":"org.apache.catalina.core.ContainerBase.[Tomcat].[localhost].[/]","thread_name":"RMI TCP Connection(5)-127.0.0.1"}
{"@timestamp":"2022-05-17T06:54:44.275Z","@version":"1","level":"INFO","message":"Initializing Servlet 'dispatcherServlet'","logger_name":"org.springframework.web.servlet.DispatcherServlet","thread_name":"RMI TCP Connection(5)-127.0.0.1"}
{"@timestamp":"2022-05-17T06:54:44.277Z","@version":"1","level":"INFO","message":"Completed initialization in 2 ms","logger_name":"org.springframework.web.servlet.DispatcherServlet","thread_name":"RMI TCP Connection(5)-127.0.0.1"}
